<?xml version="1.0" encoding="UTF-8"?>
<testng-results ignored="0" total="1" passed="1" failed="0" skipped="0">
  <reporter-output>
  </reporter-output>
  <suite started-at="2025-11-13T19:31:07 IST" name="Default suite" finished-at="2025-11-13T19:36:05 IST" duration-ms="297822">
    <groups>
    </groups>
    <test started-at="2025-11-13T19:31:07 IST" name="Default test" finished-at="2025-11-13T19:36:05 IST" duration-ms="297822">
      <class name="QA.QA.ScriptingCode">
        <test-method is-config="true" signature="beforeMethod()[pri:0, instance:QA.QA.ScriptingCode@233795b6]" started-at="2025-11-13T19:31:07 IST" name="beforeMethod" finished-at="2025-11-13T19:31:10 IST" duration-ms="3458" status="PASS">
          <reporter-output>
          </reporter-output>
        </test-method> <!-- beforeMethod -->
        <test-method signature="toRunTestCases()[pri:0, instance:QA.QA.ScriptingCode@233795b6]" started-at="2025-11-13T19:31:10 IST" name="toRunTestCases" finished-at="2025-11-13T19:36:05 IST" duration-ms="294302" status="PASS">
          <reporter-output>
          </reporter-output>
        </test-method> <!-- toRunTestCases -->
        <test-method is-config="true" signature="afterClass()[pri:0, instance:QA.QA.ScriptingCode@233795b6]" started-at="2025-11-13T19:36:05 IST" name="afterClass" finished-at="2025-11-13T19:36:05 IST" duration-ms="1" status="PASS">
          <reporter-output>
          </reporter-output>
        </test-method> <!-- afterClass -->
      </class> <!-- QA.QA.ScriptingCode -->
    </test> <!-- Default test -->
  </suite> <!-- Default suite -->
</testng-results>
